nohup: ignoring input
Collecting package metadata (current_repodata.json): ...working... WARNING conda.models.version:get_matcher(556): Using .* with relational operator is superfluous and deprecated and will be removed in a future version of conda. Your spec was 1.7.1.*, but conda is ignoring the .* and treating it as 1.7.1
done
Solving environment: ...working... unsuccessful initial attempt using frozen solve. Retrying with flexible solve.
Solving environment: ...working... unsuccessful attempt using repodata from current_repodata.json, retrying with next repodata source.
Collecting package metadata (repodata.json): ...working... WARNING conda.models.version:get_matcher(556): Using .* with relational operator is superfluous and deprecated and will be removed in a future version of conda. Your spec was 1.6.0.*, but conda is ignoring the .* and treating it as 1.6.0
WARNING conda.models.version:get_matcher(556): Using .* with relational operator is superfluous and deprecated and will be removed in a future version of conda. Your spec was 1.9.0.*, but conda is ignoring the .* and treating it as 1.9.0
WARNING conda.models.version:get_matcher(556): Using .* with relational operator is superfluous and deprecated and will be removed in a future version of conda. Your spec was 1.8.0.*, but conda is ignoring the .* and treating it as 1.8.0
done
Solving environment: ...working... done


==> WARNING: A newer version of conda exists. <==
  current version: 23.7.3
  latest version: 25.5.1

Please update conda by running

    $ conda update -n base -c https://mirrors.tuna.tsinghua.edu.cn/anaconda/cloud/conda-forge conda

Or to minimize the number of packages updated during conda update use

     conda install conda=25.5.1



## Package Plan ##

  environment location: /home/test7/miniconda3/envs/FRN

  added / updated specs:
    - hdf5plugin


The following NEW packages will be INSTALLED:

  hdf5plugin         conda-forge/linux-64::hdf5plugin-3.2.0-py38hb764eaf_2 



Downloading and Extracting Packages

Preparing transaction: ...working... done
Verifying transaction: ...working... done
Executing transaction: ...working... done
